# Wall texture list for doom.wad generated with mktexlst.sh

- - 0 0 0
AASTINKY aastinky.ppm 24 72 2
BIGDOOR1 bigdoor1.ppm 128 96 5
BIGDOOR2 bigdoor2.ppm 128 128 1
BIGDOOR4 bigdoor4.ppm 128 128 1
BRNBIGC brnbigc.ppm 128 128 1
BRNBIGL brnbigl.ppm 32 128 1
BRNBIGR brnbigr.ppm 32 128 1
BRNPOIS brnpois.ppm 64 128 2
BRNPOIS2 brnpois2.ppm 64 128 2
BRNSMAL1 brnsmal1.ppm 64 64 1
BRNSMAL2 brnsmal2.ppm 64 64 1
BRNSMALC brnsmalc.ppm 64 64 1
BRNSMALL brnsmall.ppm 32 64 1
BRNSMALR brnsmalr.ppm 32 64 1
BROWN1 brown1.ppm 128 128 6
BROWN144 brown144.ppm 128 128 8
BROWN96 brown96.ppm 128 128 1
BROWNGRN browngrn.ppm 64 128 1
BROWNHUG brownhug.ppm 64 128 2
BROWNPIP brownpip.ppm 128 128 11
COMP2 comp2.ppm 256 128 24
COMPSPAN compspan.ppm 32 128 2
COMPSTA1 compsta1.ppm 128 128 3
COMPSTA2 compsta2.ppm 128 128 3
COMPTALL comptall.ppm 256 128 9
COMPTILE comptile.ppm 128 128 6
COMPUTE1 compute1.ppm 128 128 10
COMPUTE2 compute2.ppm 256 56 4
COMPUTE3 compute3.ppm 128 128 10
DOOR1 door1.ppm 64 72 1
DOOR3 door3.ppm 64 72 1
DOORBLU doorblu.ppm 8 128 8
DOORRED doorred.ppm 8 128 8
DOORSTOP doorstop.ppm 8 128 1
DOORTRAK doortrak.ppm 8 128 1
DOORYEL dooryel.ppm 8 128 8
EXITDOOR exitdoor.ppm 128 72 4
EXITSIGN exitsign.ppm 64 16 5
GRAY4 gray4.ppm 64 128 2
GRAY5 gray5.ppm 64 128 3
GRAY7 gray7.ppm 256 128 12
GRAYTALL graytall.ppm 128 128 4
LITE2 lite2.ppm 64 128 4
LITE3 lite3.ppm 32 128 64
LITE4 lite4.ppm 16 128 15
LITE5 lite5.ppm 16 128 32
LITEBLU1 liteblu1.ppm 8 128 1
LITEBLU2 liteblu2.ppm 16 72 1
LITEBLU3 liteblu3.ppm 16 128 2
LITEBLU4 liteblu4.ppm 16 128 33
METAL1 metal1.ppm 64 128 2
NUKE24 nuke24.ppm 64 24 1
NUKEDGE1 nukedge1.ppm 128 128 18
NUKESLAD nukeslad.ppm 64 128 1
PIPE2 pipe2.ppm 256 128 2
PLANET1 planet1.ppm 256 128 10
PLAT1 plat1.ppm 128 128 1
REDWALL1 redwall1.ppm 128 128 4
SHAWN2 shawn2.ppm 64 128 1
SKY1 sky1.ppm 256 128 1
SLADPOIS sladpois.ppm 64 128 2
SLADRIP1 sladrip1.ppm 64 128 1
SLADRIP2 sladrip2.ppm 64 128 1
SLADRIP3 sladrip3.ppm 64 128 1
SLADWALL sladwall.ppm 64 128 1
STARG1 starg1.ppm 64 128 2
STARG3 starg3.ppm 128 128 2
STARGR1 stargr1.ppm 64 128 2
STARTAN1 startan1.ppm 64 128 2
STARTAN2 startan2.ppm 128 128 4
STARTAN3 startan3.ppm 128 128 2
STEP1 step1.ppm 32 8 1
STEP2 step2.ppm 32 8 1
STEP3 step3.ppm 32 8 1
STEP4 step4.ppm 32 16 2
STEP5 step5.ppm 32 16 2
STEP6 step6.ppm 32 16 2
STONE stone.ppm 256 128 40
STONE2 stone2.ppm 128 128 4
STONE3 stone3.ppm 128 128 4
STONPOIS stonpois.ppm 64 128 11
SUPPORT2 support2.ppm 64 128 6
SW1BRCOM sw1brcom.ppm 128 128 2
SW1BRN1 sw1brn1.ppm 64 128 3
SW1BRN2 sw1brn2.ppm 64 128 3
SW1BRNGN sw1brngn.ppm 64 128 2
SW1BROWN sw1brown.ppm 128 128 2
SW1COMM sw1comm.ppm 64 72 2
SW1COMP sw1comp.ppm 64 128 4
SW1DIRT sw1dirt.ppm 64 128 5
SW1EXIT sw1exit.ppm 32 72 3
SW1GRAY sw1gray.ppm 64 128 3
SW1GRAY1 sw1gray1.ppm 64 128 3
SW1METAL sw1metal.ppm 64 128 3
SW1PIPE sw1pipe.ppm 128 128 2
SW1SLAD sw1slad.ppm 64 128 2
SW1STARG sw1starg.ppm 128 128 3
SW1STON1 sw1ston1.ppm 64 128 3
SW1STON2 sw1ston2.ppm 64 128 3
SW1STONE sw1stone.ppm 64 128 11
SW1STRTN sw1strtn.ppm 64 128 3
SW2BRCOM sw2brcom.ppm 128 128 2
SW2BRN1 sw2brn1.ppm 64 128 5
SW2BRN2 sw2brn2.ppm 64 128 3
SW2BRNGN sw2brngn.ppm 64 128 2
SW2BROWN sw2brown.ppm 128 128 2
SW2COMM sw2comm.ppm 64 72 2
SW2COMP sw2comp.ppm 64 128 4
SW2DIRT sw2dirt.ppm 64 128 5
SW2EXIT sw2exit.ppm 32 72 3
SW2GRAY sw2gray.ppm 64 128 3
SW2GRAY1 sw2gray1.ppm 64 128 3
SW2METAL sw2metal.ppm 64 128 3
SW2PIPE sw2pipe.ppm 128 128 2
SW2SLAD sw2slad.ppm 64 128 2
SW2STARG sw2starg.ppm 128 128 3
SW2STON1 sw2ston1.ppm 64 128 3
SW2STON2 sw2ston2.ppm 64 128 3
SW2STONE sw2stone.ppm 64 128 11
SW2STRTN sw2strtn.ppm 64 128 3
TEKWALL1 tekwall1.ppm 128 128 2
TEKWALL2 tekwall2.ppm 128 128 1
TEKWALL3 tekwall3.ppm 128 112 1
TEKWALL4 tekwall4.ppm 128 128 1
TEKWALL5 tekwall5.ppm 128 128 1
ASHWALL ashwall.ppm 64 128 1
BIGDOOR3 bigdoor3.ppm 128 128 1
BIGDOOR5 bigdoor5.ppm 128 128 4
BIGDOOR6 bigdoor6.ppm 128 112 3
BIGDOOR7 bigdoor7.ppm 128 128 2
BLODGR1 blodgr1.ppm 32 128 1
BLODGR2 blodgr2.ppm 32 128 1
BLODGR3 blodgr3.ppm 32 128 1
BLODGR4 blodgr4.ppm 32 128 1
BLODRIP1 blodrip1.ppm 32 128 1
BLODRIP2 blodrip2.ppm 32 128 1
BLODRIP3 blodrip3.ppm 32 128 1
BLODRIP4 blodrip4.ppm 32 128 1
BROVINE brovine.ppm 256 128 13
BROVINE2 brovine2.ppm 256 128 5
BROWNWEL brownwel.ppm 256 72 4
CEMENT1 cement1.ppm 128 128 1
CEMENT2 cement2.ppm 128 128 1
CEMENT3 cement3.ppm 128 128 1
CEMENT4 cement4.ppm 128 128 1
CEMENT5 cement5.ppm 128 128 1
CEMENT6 cement6.ppm 128 128 1
CEMPOIS cempois.ppm 128 128 2
COMPBLUE compblue.ppm 64 128 2
COMPOHSO compohso.ppm 128 128 4
COMPWERD compwerd.ppm 64 128 2
CRATE1 crate1.ppm 64 128 4
CRATE2 crate2.ppm 64 128 4
CRATELIT cratelit.ppm 64 128 4
CRATINY cratiny.ppm 64 16 4
CRATWIDE cratwide.ppm 128 128 20
DOORBLU2 doorblu2.ppm 16 128 6
DOORHI doorhi.ppm 64 128 4
DOORRED2 doorred2.ppm 16 128 6
DOORYEL2 dooryel2.ppm 16 128 6
EXITSTON exitston.ppm 64 128 3
FIREBLU1 fireblu1.ppm 128 128 1
FIREBLU2 fireblu2.ppm 128 128 1
FIRELAV2 firelav2.ppm 128 128 1
FIRELAV3 firelav3.ppm 128 128 1
FIRELAVA firelava.ppm 128 128 1
FIREMAG1 firemag1.ppm 128 128 1
FIREMAG2 firemag2.ppm 128 128 1
FIREMAG3 firemag3.ppm 128 128 1
FIREWALA firewala.ppm 128 112 1
FIREWALB firewalb.ppm 128 112 1
FIREWALL firewall.ppm 128 112 1
GRAY1 gray1.ppm 64 128 2
GRAY2 gray2.ppm 64 72 3
GRAYBIG graybig.ppm 128 128 3
GRAYDANG graydang.ppm 64 128 3
GRAYPOIS graypois.ppm 64 72 5
GRAYVINE grayvine.ppm 256 128 5
GSTFONT1 gstfont1.ppm 64 128 1
GSTFONT2 gstfont2.ppm 64 128 1
GSTFONT3 gstfont3.ppm 64 128 1
GSTGARG gstgarg.ppm 64 128 1
GSTLION gstlion.ppm 64 128 1
GSTONE1 gstone1.ppm 256 128 4
GSTONE2 gstone2.ppm 256 128 4
GSTSATYR gstsatyr.ppm 64 128 1
GSTVINE1 gstvine1.ppm 256 128 5
GSTVINE2 gstvine2.ppm 256 128 5
ICKDOOR1 ickdoor1.ppm 64 72 2
ICKWALL1 ickwall1.ppm 64 128 2
ICKWALL2 ickwall2.ppm 64 128 2
ICKWALL3 ickwall3.ppm 64 128 3
ICKWALL4 ickwall4.ppm 64 128 2
ICKWALL5 ickwall5.ppm 64 128 2
ICKWALL6 ickwall6.ppm 64 128 3
ICKWALL7 ickwall7.ppm 64 128 4
LITE96 lite96.ppm 64 128 3
LITEMET litemet.ppm 128 128 6
LITERED litered.ppm 16 128 2
LITESTON liteston.ppm 64 128 4
MARBFAC2 marbfac2.ppm 128 128 1
MARBFAC3 marbfac3.ppm 128 128 1
MARBFACE marbface.ppm 128 128 1
MARBLE1 marble1.ppm 128 128 1
MARBLE2 marble2.ppm 128 128 1
MARBLE3 marble3.ppm 128 128 1
MARBLOD1 marblod1.ppm 128 128 1
METAL metal.ppm 64 128 1
MIDBRN1 midbrn1.ppm 64 112 1
MIDGRATE midgrate.ppm 128 128 1
MIDVINE1 midvine1.ppm 256 128 1
MIDVINE2 midvine2.ppm 256 128 1
NUKEPOIS nukepois.ppm 64 128 10
PIPE1 pipe1.ppm 256 128 2
PIPE4 pipe4.ppm 256 128 2
PIPE6 pipe6.ppm 256 128 2
REDWALL redwall.ppm 128 128 1
ROCKRED1 rockred1.ppm 128 128 1
ROCKRED2 rockred2.ppm 128 128 1
ROCKRED3 rockred3.ppm 128 128 1
SHAWN1 shawn1.ppm 128 128 5
SHAWN3 shawn3.ppm 64 72 1
SKIN2 skin2.ppm 128 128 2
SKINBORD skinbord.ppm 64 128 2
SKINCUT skincut.ppm 256 128 2
SKINEDGE skinedge.ppm 128 128 2
SKINFACE skinface.ppm 256 128 2
SKINLOW skinlow.ppm 256 104 2
SKINMET1 skinmet1.ppm 256 128 2
SKINMET2 skinmet2.ppm 256 128 2
SKINSCAB skinscab.ppm 256 128 2
SKINSYMB skinsymb.ppm 256 128 2
SKINTEK1 skintek1.ppm 256 128 2
SKINTEK2 skintek2.ppm 256 128 1
SKSNAKE1 sksnake1.ppm 64 128 1
SKSNAKE2 sksnake2.ppm 64 128 1
SKSPINE1 skspine1.ppm 128 128 1
SKSPINE2 skspine2.ppm 256 96 2
SKULWAL3 skulwal3.ppm 128 128 2
SKULWALL skulwall.ppm 128 128 2
SKY2 sky2.ppm 256 128 1
SKY3 sky3.ppm 256 128 1
SLADSKUL sladskul.ppm 64 128 2
SP_DUDE1 sp_dude1.ppm 128 128 1
SP_DUDE2 sp_dude2.ppm 128 128 1
SP_DUDE3 sp_dude3.ppm 64 128 1
SP_DUDE4 sp_dude4.ppm 64 128 1
SP_DUDE5 sp_dude5.ppm 64 128 1
SP_DUDE6 sp_dude6.ppm 64 128 1
SP_FACE1 sp_face1.ppm 128 96 1
SP_HOT1 sp_hot1.ppm 256 128 4
SP_ROCK1 sp_rock1.ppm 128 128 1
SP_ROCK2 sp_rock2.ppm 128 128 1
STARBR2 starbr2.ppm 128 128 4
STARG2 starg2.ppm 128 128 4
STARGR2 stargr2.ppm 128 128 4
STEPLAD1 steplad1.ppm 64 16 1
STEPTOP steptop.ppm 128 16 1
STONGARG stongarg.ppm 128 128 6
SUPPORT3 support3.ppm 64 128 3
SW1BLUE sw1blue.ppm 64 128 3
SW1CMT sw1cmt.ppm 64 128 2
SW1GARG sw1garg.ppm 64 128 2
SW1GSTON sw1gston.ppm 64 128 2
SW1HOT sw1hot.ppm 64 128 2
SW1LION sw1lion.ppm 64 128 2
SW1SATYR sw1satyr.ppm 64 128 2
SW1SKIN sw1skin.ppm 64 128 2
SW1VINE sw1vine.ppm 64 128 3
SW1WOOD sw1wood.ppm 64 128 2
SW2BLUE sw2blue.ppm 64 128 3
SW2CMT sw2cmt.ppm 64 128 2
SW2GARG sw2garg.ppm 64 128 2
SW2GSTON sw2gston.ppm 64 128 2
SW2HOT sw2hot.ppm 64 128 2
SW2LION sw2lion.ppm 64 128 2
SW2SATYR sw2satyr.ppm 64 128 2
SW2SKIN sw2skin.ppm 64 128 2
SW2VINE sw2vine.ppm 64 128 3
SW2WOOD sw2wood.ppm 64 128 2
WOOD1 wood1.ppm 256 128 2
WOOD3 wood3.ppm 256 128 5
WOOD4 wood4.ppm 64 128 4
WOOD5 wood5.ppm 256 128 3
WOODGARG woodgarg.ppm 64 128 2
WOODSKUL woodskul.ppm 64 128 2
