# Flat list for hexen.wad generated with mkflatlst.sh

F_001 f_001.ppm
F_002 f_002.ppm
F_003 f_003.ppm
F_004 f_004.ppm
F_005 f_005.ppm
F_006 f_006.ppm
F_007 f_007.ppm
F_008 f_008.ppm
F_009 f_009.ppm
F_010 f_010.ppm
F_011 f_011.ppm
F_012 f_012.ppm
F_013 f_013.ppm
F_014 f_014.ppm
F_015 f_015.ppm
F_017 f_017.ppm
F_018 f_018.ppm
F_019 f_019.ppm
F_020 f_020.ppm
F_021 f_021.ppm
F_022 f_022.ppm
F_023 f_023.ppm
F_024 f_024.ppm
F_025 f_025.ppm
F_027 f_027.ppm
F_028 f_028.ppm
F_029 f_029.ppm
F_030 f_030.ppm
F_031 f_031.ppm
F_032 f_032.ppm
F_033 f_033.ppm
F_034 f_034.ppm
F_037 f_037.ppm
F_038 f_038.ppm
F_039 f_039.ppm
F_040 f_040.ppm
F_041 f_041.ppm
F_042 f_042.ppm
F_043 f_043.ppm
F_044 f_044.ppm
F_045 f_045.ppm
F_046 f_046.ppm
F_047 f_047.ppm
F_048 f_048.ppm
F_049 f_049.ppm
F_050 f_050.ppm
F_051 f_051.ppm
F_052 f_052.ppm
F_053 f_053.ppm
F_054 f_054.ppm
F_055 f_055.ppm
F_057 f_057.ppm
F_058 f_058.ppm
F_059 f_059.ppm
F_061 f_061.ppm
F_062 f_062.ppm
F_063 f_063.ppm
F_064 f_064.ppm
F_065 f_065.ppm
F_066 f_066.ppm
F_067 f_067.ppm
F_068 f_068.ppm
F_069 f_069.ppm
F_070 f_070.ppm
F_071 f_071.ppm
F_072 f_072.ppm
F_073 f_073.ppm
F_074 f_074.ppm
F_075 f_075.ppm
F_076 f_076.ppm
F_077 f_077.ppm
F_078 f_078.ppm
F_081 f_081.ppm
F_082 f_082.ppm
F_083 f_083.ppm
F_084 f_084.ppm
F_085 f_085.ppm
F_086 f_086.ppm
F_087 f_087.ppm
F_088 f_088.ppm
F_089 f_089.ppm
F_091 f_091.ppm
F_092 f_092.ppm
X_001 x_001.ppm
X_002 x_002.ppm
X_003 x_003.ppm
X_004 x_004.ppm
X_005 x_005.ppm
X_006 x_006.ppm
X_007 x_007.ppm
X_008 x_008.ppm
X_009 x_009.ppm
X_010 x_010.ppm
X_011 x_011.ppm
X_012 x_012.ppm
X_013 x_013.ppm
X_014 x_014.ppm
X_015 x_015.ppm
X_016 x_016.ppm
F_SKY f_sky.ppm
F_A501 f_a501.ppm
