# Wall texture list for hexen.wad generated with mktexlst.sh

- - 0 0 0
ABADONE abadone.ppm 64 128 1
BLANK blank.ppm 64 128 1
BOOKS01 books01.ppm 64 128 1
BOOKS02 books02.ppm 128 128 1
BOOKS03 books03.ppm 128 128 1
BOOKS04 books04.ppm 128 128 1
BOSSK1 bossk1.ppm 64 32 1
BOSSK2 bossk2.ppm 64 32 1
BRASS1 brass1.ppm 128 128 1
BRASS3 brass3.ppm 128 128 1
BRASS4 brass4.ppm 128 128 1
CASTLE01 castle01.ppm 64 128 1
CASTLE02 castle02.ppm 64 128 1
CASTLE03 castle03.ppm 64 128 1
CASTLE04 castle04.ppm 64 128 2
CASTLE05 castle05.ppm 64 128 2
CASTLE06 castle06.ppm 64 128 2
CASTLE07 castle07.ppm 128 128 1
CASTLE08 castle08.ppm 128 128 1
CASTLE09 castle09.ppm 128 128 1
CASTLE11 castle11.ppm 128 128 1
CAVE01 cave01.ppm 128 128 1
CAVE02 cave02.ppm 128 128 1
CAVE03 cave03.ppm 128 128 1
CAVE04 cave04.ppm 128 128 1
CAVE05 cave05.ppm 128 128 1
CAVE06 cave06.ppm 128 128 1
CAVE07 cave07.ppm 64 128 2
CAVE11 cave11.ppm 128 128 1
CAVE12 cave12.ppm 128 128 1
CHAP1 chap1.ppm 32 32 1
CHAP2 chap2.ppm 32 32 1
CHAP3 chap3.ppm 32 32 1
CLOCK01 clock01.ppm 128 128 1
CLOCK02 clock02.ppm 128 128 1
CLOCK03 clock03.ppm 128 128 1
CLOCK04 clock04.ppm 128 128 1
CLOCK05 clock05.ppm 128 128 1
CLOCK06 clock06.ppm 128 128 1
CLOCK07 clock07.ppm 128 128 1
CLOCK08 clock08.ppm 128 128 1
CLOCK11 clock11.ppm 128 128 1
CLOCK12 clock12.ppm 128 128 1
CLOCK13 clock13.ppm 128 128 1
CLOCK14 clock14.ppm 128 128 1
CLOCK15 clock15.ppm 128 128 1
CLOCK16 clock16.ppm 128 128 1
CLOCK17 clock17.ppm 128 128 1
CLOCK18 clock18.ppm 128 128 1
CLOCKA clocka.ppm 128 128 1
CLOCKB clockb.ppm 128 128 1
CLOCKC clockc.ppm 128 128 1
CRATE01 crate01.ppm 64 128 2
CRATE02 crate02.ppm 64 128 2
CRATE03 crate03.ppm 64 128 2
CRATE04 crate04.ppm 64 128 4
CRATE05 crate05.ppm 32 128 4
D_AXE d_axe.ppm 64 128 2
D_BRASS1 d_brass1.ppm 64 128 1
D_BRASS2 d_brass2.ppm 64 128 1
D_CAST d_cast.ppm 64 128 2
D_CAVE d_cave.ppm 64 128 2
D_CAVE2 d_cave2.ppm 128 128 2
D_DUNGEO d_dungeo.ppm 64 128 2
D_END1 d_end1.ppm 32 128 1
D_END2 d_end2.ppm 32 128 1
D_END3 d_end3.ppm 32 128 1
D_END4 d_end4.ppm 32 128 1
D_ENDBR d_endbr.ppm 16 128 1
D_ENDSLV d_endslv.ppm 16 128 1
D_FIRE d_fire.ppm 64 128 2
D_RUST d_rust.ppm 128 128 2
D_SILKEY d_silkey.ppm 64 128 1
D_SILVER d_silver.ppm 64 128 2
D_SLV1 d_slv1.ppm 64 128 1
D_SLV2 d_slv2.ppm 64 128 1
D_STEEL d_steel.ppm 128 128 2
D_SWAMP d_swamp.ppm 64 128 2
D_SWAMP2 d_swamp2.ppm 128 128 2
D_WASTE d_waste.ppm 128 128 2
D_WD01 d_wd01.ppm 64 128 1
D_WD02 d_wd02.ppm 64 128 1
D_WD03 d_wd03.ppm 64 128 1
D_WD04 d_wd04.ppm 64 128 1
D_WD05 d_wd05.ppm 64 128 1
D_WD06 d_wd06.ppm 64 128 1
D_WD07 d_wd07.ppm 128 128 1
D_WD08 d_wd08.ppm 64 128 1
D_WD09 d_wd09.ppm 64 128 1
D_WD10 d_wd10.ppm 64 128 1
D_WINNOW d_winnow.ppm 128 128 1
DOOR51 door51.ppm 128 128 1
FIRE01 fire01.ppm 64 128 1
FIRE02 fire02.ppm 64 128 1
FIRE03 fire03.ppm 64 128 1
FIRE04 fire04.ppm 64 128 1
FIRE05 fire05.ppm 64 128 1
FIRE06 fire06.ppm 64 128 1
FIRE07 fire07.ppm 64 128 1
FIRE08 fire08.ppm 64 128 1
FIRE09 fire09.ppm 64 128 1
FIRE10 fire10.ppm 64 128 1
FIRE11 fire11.ppm 64 128 1
FIRE12 fire12.ppm 64 128 1
FIRE14 fire14.ppm 64 128 1
FIRE15 fire15.ppm 64 128 1
FIRE16 fire16.ppm 128 128 1
FIRE17 fire17.ppm 128 128 3
FOREST01 forest01.ppm 128 128 1
FOREST02 forest02.ppm 64 128 2
FOREST03 forest03.ppm 128 128 1
FOREST04 forest04.ppm 128 128 1
FOREST05 forest05.ppm 64 128 2
FOREST06 forest06.ppm 128 128 1
FOREST07 forest07.ppm 128 128 1
FOREST10 forest10.ppm 64 128 1
FOREST11 forest11.ppm 128 128 1
FOREST12 forest12.ppm 128 128 1
FORPUZ1 forpuz1.ppm 64 64 1
FORPUZ2 forpuz2.ppm 64 64 1
FORPUZ3 forpuz3.ppm 64 64 1
GATE01 gate01.ppm 128 72 1
GATE02 gate02.ppm 64 128 1
GATE03 gate03.ppm 64 64 1
GATE04 gate04.ppm 64 32 1
GATE51 gate51.ppm 64 128 1
GATE52 gate52.ppm 64 64 1
GATE53 gate53.ppm 64 32 1
GEAR01 gear01.ppm 64 64 1
GEAR02 gear02.ppm 64 64 1
GEAR03 gear03.ppm 64 64 1
GEAR04 gear04.ppm 64 64 1
GEAR05 gear05.ppm 64 64 1
GEAR0A gear0a.ppm 64 64 1
GEAR0B gear0b.ppm 64 64 1
GEARW gearw.ppm 32 32 1
GEARX gearx.ppm 32 32 1
GEARY geary.ppm 32 32 1
GEARZ gearz.ppm 32 32 1
GILO1 gilo1.ppm 16 128 2
GILO2 gilo2.ppm 16 128 2
GLASS01 glass01.ppm 64 128 1
GLASS02 glass02.ppm 64 128 1
GLASS03 glass03.ppm 64 128 1
GLASS04 glass04.ppm 64 128 1
GLASS05 glass05.ppm 64 128 1
GLASS06 glass06.ppm 64 128 1
GLASS07 glass07.ppm 64 128 1
GRAVE01 grave01.ppm 64 40 1
GRAVE03 grave03.ppm 16 40 1
GRAVE04 grave04.ppm 64 40 2
GRAVE05 grave05.ppm 64 40 2
GRAVE06 grave06.ppm 64 40 2
GRAVE07 grave07.ppm 64 40 2
GRAVE08 grave08.ppm 64 40 2
ICE01 ice01.ppm 64 128 1
ICE02 ice02.ppm 64 128 1
ICE03 ice03.ppm 128 128 1
ICE06 ice06.ppm 128 128 1
MONK01 monk01.ppm 128 128 1
MONK02 monk02.ppm 128 128 1
MONK03 monk03.ppm 128 128 1
MONK04 monk04.ppm 128 128 2
MONK05 monk05.ppm 128 128 2
MONK06 monk06.ppm 128 128 2
MONK07 monk07.ppm 128 128 1
MONK08 monk08.ppm 128 128 1
MONK09 monk09.ppm 128 128 3
MONK11 monk11.ppm 128 128 2
MONK12 monk12.ppm 128 128 3
MONK14 monk14.ppm 64 128 1
MONK15 monk15.ppm 64 128 1
MONK16 monk16.ppm 64 128 1
MONK17 monk17.ppm 128 128 1
MONK18 monk18.ppm 128 128 1
MONK19 monk19.ppm 128 128 1
MONK21 monk21.ppm 128 128 1
MONK22 monk22.ppm 128 128 1
MONK23 monk23.ppm 128 128 1
MONK24 monk24.ppm 128 128 1
PILLAR01 pillar01.ppm 32 128 2
PILLAR02 pillar02.ppm 32 128 2
PLANET1 planet1.ppm 128 128 1
PLANET2 planet2.ppm 128 128 1
PLAT01 plat01.ppm 64 128 1
PLAT02 plat02.ppm 64 128 1
PRTL02 prtl02.ppm 128 128 1
PRTL03 prtl03.ppm 128 128 1
PRTL04 prtl04.ppm 64 128 1
PRTL05 prtl05.ppm 128 128 1
PRTL06 prtl06.ppm 128 128 1
PRTL07 prtl07.ppm 128 128 1
PUZZLE1 puzzle1.ppm 32 32 1
PUZZLE10 puzzle10.ppm 64 64 1
PUZZLE11 puzzle11.ppm 64 64 1
PUZZLE12 puzzle12.ppm 64 64 1
PUZZLE2 puzzle2.ppm 32 32 1
PUZZLE3 puzzle3.ppm 32 32 1
PUZZLE4 puzzle4.ppm 32 32 1
PUZZLE5 puzzle5.ppm 64 64 1
PUZZLE6 puzzle6.ppm 64 64 1
PUZZLE7 puzzle7.ppm 64 64 1
PUZZLE8 puzzle8.ppm 64 64 1
PUZZLE9 puzzle9.ppm 64 64 1
S_01 s_01.ppm 64 64 1
S_02 s_02.ppm 64 64 1
S_04 s_04.ppm 64 64 1
S_05 s_05.ppm 64 64 1
S_06 s_06.ppm 64 64 1
S_07 s_07.ppm 64 64 1
S_09 s_09.ppm 64 64 1
S_11 s_11.ppm 64 64 1
S_12 s_12.ppm 64 64 1
S_13 s_13.ppm 64 16 1
SEWER01 sewer01.ppm 64 128 1
SEWER02 sewer02.ppm 64 128 1
SEWER03 sewer03.ppm 64 64 1
SEWER04 sewer04.ppm 64 32 1
SEWER05 sewer05.ppm 64 128 1
SEWER06 sewer06.ppm 64 128 1
SEWER07 sewer07.ppm 64 128 1
SEWER08 sewer08.ppm 64 128 1
SEWER09 sewer09.ppm 64 128 1
SEWER10 sewer10.ppm 64 128 1
SEWER11 sewer11.ppm 64 128 1
SEWER12 sewer12.ppm 64 128 1
SEWER13 sewer13.ppm 128 128 1
SEWER14 sewer14.ppm 128 128 1
SKY1 sky1.ppm 256 200 1
SKY2 sky2.ppm 256 200 1
SKY3 sky3.ppm 256 200 1
SKY4 sky4.ppm 256 200 1
SKYFOG skyfog.ppm 256 200 1
SKYFOG2 skyfog2.ppm 256 200 1
SKYWALL skywall.ppm 256 200 1
SKYWALL2 skywall2.ppm 256 200 1
SPAWN01 spawn01.ppm 64 64 1
SPAWN02 spawn02.ppm 64 64 1
SPAWN03 spawn03.ppm 64 64 1
SPAWN04 spawn04.ppm 64 64 1
SPAWN05 spawn05.ppm 64 64 1
SPAWN06 spawn06.ppm 64 64 1
SPAWN07 spawn07.ppm 64 64 1
SPAWN08 spawn08.ppm 128 128 1
SPAWN09 spawn09.ppm 128 128 1
SPAWN10 spawn10.ppm 128 128 1
SPAWN11 spawn11.ppm 32 32 1
SPAWN12 spawn12.ppm 32 32 1
SPAWN13 spawn13.ppm 64 64 1
STEEL01 steel01.ppm 128 128 1
STEEL02 steel02.ppm 128 128 1
STEEL05 steel05.ppm 128 128 1
STEEL06 steel06.ppm 128 128 1
STEEL07 steel07.ppm 128 128 1
STEEL08 steel08.ppm 16 128 1
SW51_OFF sw51_off.ppm 32 32 1
SW51_ON sw51_on.ppm 32 32 1
SW52_OFF sw52_off.ppm 32 32 1
SW52_ON sw52_on.ppm 32 32 1
SW53_DN sw53_dn.ppm 32 40 1
SW53_MD sw53_md.ppm 32 40 1
SW53_UP sw53_up.ppm 32 40 1
SW_1_DN sw_1_dn.ppm 32 48 1
SW_1_MD sw_1_md.ppm 32 48 1
SW_1_UP sw_1_up.ppm 32 48 1
SW_2_DN sw_2_dn.ppm 32 48 1
SW_2_MD sw_2_md.ppm 32 48 1
SW_2_UP sw_2_up.ppm 32 48 1
SW_EL1 sw_el1.ppm 32 32 1
SW_EL2 sw_el2.ppm 32 32 1
SW_EL3 sw_el3.ppm 32 32 1
SW_EL4 sw_el4.ppm 32 32 1
SW_EL5 sw_el5.ppm 32 32 1
SW_OL1 sw_ol1.ppm 32 32 1
SW_OL2 sw_ol2.ppm 32 32 1
SW_OL3 sw_ol3.ppm 32 32 1
SW_OL4 sw_ol4.ppm 32 32 1
SW_OL5 sw_ol5.ppm 32 32 1
SWAMP01 swamp01.ppm 64 128 1
SWAMP03 swamp03.ppm 64 128 1
SWAMP04 swamp04.ppm 64 128 1
SWAMP06 swamp06.ppm 128 128 1
SWAMP07 swamp07.ppm 128 128 1
T2_STEP t2_step.ppm 64 16 1
TOMB01 tomb01.ppm 256 128 1
TOMB02 tomb02.ppm 128 128 1
TOMB03 tomb03.ppm 128 128 1
TOMB04 tomb04.ppm 64 128 1
TOMB05 tomb05.ppm 128 128 1
TOMB06 tomb06.ppm 128 128 1
TOMB07 tomb07.ppm 64 128 1
TOMB08 tomb08.ppm 128 128 1
TOMB09 tomb09.ppm 128 128 1
TOMB10 tomb10.ppm 128 128 1
TOMB11 tomb11.ppm 128 128 1
TOMB12 tomb12.ppm 128 128 1
TOMB13 tomb13.ppm 128 128 1
TOMB18 tomb18.ppm 128 128 1
TPORT1 tport1.ppm 64 128 1
TPORT2 tport2.ppm 64 128 1
TPORT3 tport3.ppm 64 128 1
TPORT4 tport4.ppm 64 128 1
TPORT5 tport5.ppm 64 128 1
TPORT6 tport6.ppm 64 128 1
TPORT7 tport7.ppm 64 128 1
TPORT8 tport8.ppm 64 128 1
TPORT9 tport9.ppm 64 128 1
TPORTX tportx.ppm 64 128 1
VALVE01 valve01.ppm 64 64 1
VALVE02 valve02.ppm 64 64 1
VALVE1 valve1.ppm 32 32 1
VALVE2 valve2.ppm 32 32 1
VILL01 vill01.ppm 128 128 1
VILL04 vill04.ppm 64 128 1
VILL05 vill05.ppm 64 128 1
VILL06 vill06.ppm 64 128 1
VILL07 vill07.ppm 64 64 1
VILL08 vill08.ppm 64 96 1
WASTE01 waste01.ppm 256 128 1
WASTE02 waste02.ppm 256 128 1
WASTE03 waste03.ppm 128 128 1
WASTE04 waste04.ppm 128 128 1
WEB1_L web1_l.ppm 32 40 1
WEB1_R web1_r.ppm 32 40 1
WEB2_L web2_l.ppm 32 40 1
WEB2_R web2_r.ppm 32 40 1
WEB3 web3.ppm 32 40 1
WINN01 winn01.ppm 64 128 1
WINNOW02 winnow02.ppm 128 128 1
WOOD01 wood01.ppm 64 128 1
WOOD02 wood02.ppm 64 128 2
WOOD03 wood03.ppm 64 128 1
WOOD04 wood04.ppm 64 128 2
X_FAC01 x_fac01.ppm 128 128 1
X_FAC02 x_fac02.ppm 128 128 1
X_FAC03 x_fac03.ppm 128 128 1
X_FAC04 x_fac04.ppm 128 128 1
X_FAC05 x_fac05.ppm 128 128 1
X_FAC06 x_fac06.ppm 128 128 1
X_FAC07 x_fac07.ppm 128 128 1
X_FAC08 x_fac08.ppm 128 128 1
X_FAC09 x_fac09.ppm 128 128 1
X_FAC10 x_fac10.ppm 128 128 1
X_FAC11 x_fac11.ppm 128 128 1
X_FAC12 x_fac12.ppm 128 128 1
X_FIRE01 x_fire01.ppm 64 128 1
X_FIRE02 x_fire02.ppm 64 128 1
X_FIRE03 x_fire03.ppm 64 128 1
X_FIRE04 x_fire04.ppm 64 128 1
X_SWMP1 x_swmp1.ppm 64 128 1
X_SWMP2 x_swmp2.ppm 64 128 1
X_SWMP3 x_swmp3.ppm 64 128 1
X_SWR1 x_swr1.ppm 64 128 1
X_SWR2 x_swr2.ppm 64 128 1
X_SWR3 x_swr3.ppm 64 128 1
X_WATER1 x_water1.ppm 64 128 1
X_WATER2 x_water2.ppm 64 128 1
X_WATER3 x_water3.ppm 64 128 1
X_WATER4 x_water4.ppm 64 128 1
POOT poot.ppm 64 64 1
