# Wall texture list for doom2.wad generated with mktexlst.sh

- - 0 0 0
AASHITTY aashitty.ppm 64 64 1
ASHWALL2 ashwall2.ppm 64 128 1
ASHWALL3 ashwall3.ppm 64 128 1
ASHWALL4 ashwall4.ppm 64 128 1
ASHWALL6 ashwall6.ppm 64 128 1
ASHWALL7 ashwall7.ppm 64 128 1
BFALL1 bfall1.ppm 64 128 1
BFALL2 bfall2.ppm 64 128 1
BFALL3 bfall3.ppm 64 128 1
BFALL4 bfall4.ppm 64 128 1
BIGBRIK1 bigbrik1.ppm 64 128 1
BIGBRIK2 bigbrik2.ppm 64 128 1
BIGBRIK3 bigbrik3.ppm 64 128 1
BIGDOOR1 bigdoor1.ppm 128 96 5
BIGDOOR2 bigdoor2.ppm 128 128 1
BIGDOOR3 bigdoor3.ppm 128 128 1
BIGDOOR4 bigdoor4.ppm 128 128 1
BIGDOOR5 bigdoor5.ppm 128 128 4
BIGDOOR6 bigdoor6.ppm 128 112 3
BIGDOOR7 bigdoor7.ppm 128 128 2
BLAKWAL1 blakwal1.ppm 64 128 1
BLAKWAL2 blakwal2.ppm 64 128 1
BLODRIP1 blodrip1.ppm 32 128 1
BLODRIP2 blodrip2.ppm 32 128 1
BLODRIP3 blodrip3.ppm 32 128 1
BLODRIP4 blodrip4.ppm 32 128 1
BRICK1 brick1.ppm 64 128 1
BRICK10 brick10.ppm 64 128 1
BRICK11 brick11.ppm 64 128 1
BRICK12 brick12.ppm 64 128 1
BRICK2 brick2.ppm 64 128 1
BRICK3 brick3.ppm 64 128 1
BRICK4 brick4.ppm 64 128 1
BRICK5 brick5.ppm 128 128 2
BRICK6 brick6.ppm 64 128 1
BRICK7 brick7.ppm 64 128 1
BRICK8 brick8.ppm 64 128 1
BRICK9 brick9.ppm 64 128 1
BRICKLIT bricklit.ppm 64 128 1
BRNPOIS brnpois.ppm 128 128 3
BRNSMAL1 brnsmal1.ppm 64 64 1
BRNSMAL2 brnsmal2.ppm 64 64 1
BRNSMALC brnsmalc.ppm 64 64 1
BRNSMALL brnsmall.ppm 32 64 1
BRNSMALR brnsmalr.ppm 32 64 1
BRONZE1 bronze1.ppm 64 128 1
BRONZE2 bronze2.ppm 64 128 1
BRONZE3 bronze3.ppm 64 128 1
BRONZE4 bronze4.ppm 64 128 1
BROVINE2 brovine2.ppm 256 128 5
BROWN1 brown1.ppm 128 128 6
BROWN144 brown144.ppm 128 128 8
BROWN96 brown96.ppm 128 128 1
BROWNGRN browngrn.ppm 64 128 1
BROWNHUG brownhug.ppm 64 128 2
BROWNPIP brownpip.ppm 128 128 11
BRWINDOW brwindow.ppm 64 128 1
BSTONE1 bstone1.ppm 64 128 1
BSTONE2 bstone2.ppm 64 128 1
BSTONE3 bstone3.ppm 64 128 1
CEMENT1 cement1.ppm 128 128 1
CEMENT2 cement2.ppm 128 128 1
CEMENT3 cement3.ppm 128 128 1
CEMENT4 cement4.ppm 128 128 1
CEMENT5 cement5.ppm 128 128 1
CEMENT6 cement6.ppm 128 128 1
CEMENT7 cement7.ppm 64 128 1
CEMENT8 cement8.ppm 64 128 1
CEMENT9 cement9.ppm 64 128 1
COMPBLUE compblue.ppm 64 128 2
COMPSPAN compspan.ppm 32 128 2
COMPSTA1 compsta1.ppm 128 128 3
COMPSTA2 compsta2.ppm 128 128 3
COMPTALL comptall.ppm 256 128 9
COMPWERD compwerd.ppm 64 128 2
CRACKLE2 crackle2.ppm 64 128 1
CRACKLE4 crackle4.ppm 64 128 1
CRATE1 crate1.ppm 64 128 4
CRATE2 crate2.ppm 64 128 4
CRATE3 crate3.ppm 64 128 4
CRATELIT cratelit.ppm 64 128 4
CRATINY cratiny.ppm 64 16 4
CRATWIDE cratwide.ppm 128 128 20
DBRAIN1 dbrain1.ppm 64 32 1
DBRAIN2 dbrain2.ppm 64 32 1
DBRAIN3 dbrain3.ppm 64 32 1
DBRAIN4 dbrain4.ppm 64 32 1
DOOR1 door1.ppm 64 72 1
DOOR3 door3.ppm 64 72 1
DOORBLU doorblu.ppm 8 128 8
DOORBLU2 doorblu2.ppm 16 128 6
DOORRED doorred.ppm 8 128 8
DOORRED2 doorred2.ppm 16 128 6
DOORSTOP doorstop.ppm 8 128 1
DOORTRAK doortrak.ppm 8 128 1
DOORYEL dooryel.ppm 8 128 8
DOORYEL2 dooryel2.ppm 16 128 6
EXITDOOR exitdoor.ppm 128 72 4
EXITSIGN exitsign.ppm 64 16 5
EXITSTON exitston.ppm 64 128 3
FIREBLU1 fireblu1.ppm 128 128 1
FIREBLU2 fireblu2.ppm 128 128 1
FIRELAV2 firelav2.ppm 128 128 1
FIRELAV3 firelav3.ppm 128 128 1
FIRELAVA firelava.ppm 128 128 1
FIREMAG1 firemag1.ppm 128 128 1
FIREMAG2 firemag2.ppm 128 128 1
FIREMAG3 firemag3.ppm 128 128 1
FIREWALA firewala.ppm 128 112 1
FIREWALB firewalb.ppm 128 112 1
FIREWALL firewall.ppm 128 112 1
GRAY1 gray1.ppm 64 128 2
GRAY2 gray2.ppm 64 72 3
GRAY4 gray4.ppm 64 128 2
GRAY5 gray5.ppm 64 128 3
GRAY7 gray7.ppm 256 128 12
GRAYBIG graybig.ppm 128 128 3
GRAYPOIS graypois.ppm 64 72 5
GRAYTALL graytall.ppm 128 128 4
GRAYVINE grayvine.ppm 256 128 5
GSTFONT1 gstfont1.ppm 64 128 1
GSTFONT2 gstfont2.ppm 64 128 1
GSTFONT3 gstfont3.ppm 64 128 1
GSTGARG gstgarg.ppm 64 128 1
GSTLION gstlion.ppm 64 128 1
GSTONE1 gstone1.ppm 256 128 4
GSTONE2 gstone2.ppm 256 128 4
GSTSATYR gstsatyr.ppm 64 128 1
GSTVINE1 gstvine1.ppm 256 128 5
GSTVINE2 gstvine2.ppm 256 128 5
ICKWALL1 ickwall1.ppm 64 128 2
ICKWALL2 ickwall2.ppm 64 128 2
ICKWALL3 ickwall3.ppm 64 128 3
ICKWALL4 ickwall4.ppm 64 128 2
ICKWALL5 ickwall5.ppm 64 128 2
ICKWALL7 ickwall7.ppm 64 128 4
LITE3 lite3.ppm 32 128 64
LITE5 lite5.ppm 16 128 32
LITEBLU1 liteblu1.ppm 8 128 1
LITEBLU4 liteblu4.ppm 16 128 33
MARBFAC2 marbfac2.ppm 128 128 1
MARBFAC3 marbfac3.ppm 128 128 1
MARBFAC4 marbfac4.ppm 64 128 1
MARBFACE marbface.ppm 128 128 1
MARBGRAY marbgray.ppm 64 128 1
MARBLE1 marble1.ppm 128 128 1
MARBLE2 marble2.ppm 128 128 1
MARBLE3 marble3.ppm 128 128 1
MARBLOD1 marblod1.ppm 128 128 1
METAL metal.ppm 64 128 1
METAL1 metal1.ppm 64 128 2
METAL2 metal2.ppm 64 128 1
METAL3 metal3.ppm 64 128 1
METAL4 metal4.ppm 64 128 1
METAL5 metal5.ppm 64 128 1
METAL6 metal6.ppm 64 128 1
METAL7 metal7.ppm 64 128 1
MIDBARS1 midbars1.ppm 64 128 1
MIDBARS3 midbars3.ppm 64 72 1
MIDBRN1 midbrn1.ppm 64 112 1
MIDBRONZ midbronz.ppm 64 128 1
MIDGRATE midgrate.ppm 128 128 1
MIDSPACE midspace.ppm 64 128 1
MODWALL1 modwall1.ppm 64 128 1
MODWALL2 modwall2.ppm 64 128 1
MODWALL3 modwall3.ppm 64 128 1
MODWALL4 modwall4.ppm 64 128 1
NUKE24 nuke24.ppm 64 24 1
NUKEDGE1 nukedge1.ppm 128 128 18
NUKEPOIS nukepois.ppm 128 128 19
PANBLACK panblack.ppm 64 128 1
PANBLUE panblue.ppm 64 128 1
PANBOOK panbook.ppm 64 128 1
PANBORD1 panbord1.ppm 32 128 1
PANBORD2 panbord2.ppm 16 128 1
PANCASE1 pancase1.ppm 64 128 1
PANCASE2 pancase2.ppm 64 128 1
PANEL1 panel1.ppm 64 128 1
PANEL2 panel2.ppm 64 128 1
PANEL3 panel3.ppm 64 128 1
PANEL4 panel4.ppm 64 128 1
PANEL5 panel5.ppm 64 128 1
PANEL6 panel6.ppm 64 128 1
PANEL7 panel7.ppm 64 128 1
PANEL8 panel8.ppm 64 128 1
PANEL9 panel9.ppm 64 128 1
PANRED panred.ppm 64 128 1
PIPE1 pipe1.ppm 256 128 2
PIPE2 pipe2.ppm 256 128 2
PIPE4 pipe4.ppm 256 128 2
PIPE6 pipe6.ppm 256 128 2
PIPES pipes.ppm 64 128 1
PIPEWAL1 pipewal1.ppm 64 128 1
PIPEWAL2 pipewal2.ppm 64 128 1
PLAT1 plat1.ppm 128 128 1
REDWALL redwall.ppm 128 128 1
ROCK1 rock1.ppm 64 128 1
ROCK2 rock2.ppm 64 128 1
ROCK3 rock3.ppm 64 128 1
ROCK4 rock4.ppm 128 128 1
ROCK5 rock5.ppm 128 128 1
ROCKRED1 rockred1.ppm 128 128 1
ROCKRED2 rockred2.ppm 128 128 1
ROCKRED3 rockred3.ppm 128 128 1
SFALL1 sfall1.ppm 64 128 1
SFALL2 sfall2.ppm 64 128 1
SFALL3 sfall3.ppm 64 128 1
SFALL4 sfall4.ppm 64 128 1
SHAWN1 shawn1.ppm 128 128 4
SHAWN2 shawn2.ppm 64 128 1
SHAWN3 shawn3.ppm 64 72 1
SILVER1 silver1.ppm 64 128 1
SILVER2 silver2.ppm 64 128 1
SILVER3 silver3.ppm 64 128 1
SK_LEFT sk_left.ppm 64 128 1
SK_RIGHT sk_right.ppm 64 128 1
SKIN2 skin2.ppm 128 128 2
SKINCUT skincut.ppm 256 128 2
SKINEDGE skinedge.ppm 128 128 2
SKINFACE skinface.ppm 256 128 2
SKINLOW skinlow.ppm 256 104 2
SKINMET1 skinmet1.ppm 256 128 2
SKINMET2 skinmet2.ppm 256 128 2
SKINSCAB skinscab.ppm 256 128 2
SKINSYMB skinsymb.ppm 256 128 2
SKSNAKE1 sksnake1.ppm 64 128 1
SKSNAKE2 sksnake2.ppm 64 128 1
SKSPINE1 skspine1.ppm 128 128 1
SKSPINE2 skspine2.ppm 256 96 2
SKY1 sky1.ppm 256 128 1
SKY2 sky2.ppm 256 128 1
SKY3 sky3.ppm 256 128 1
SLADPOIS sladpois.ppm 64 128 2
SLADSKUL sladskul.ppm 64 128 2
SLADWALL sladwall.ppm 64 128 1
SLOPPY1 sloppy1.ppm 64 128 1
SLOPPY2 sloppy2.ppm 64 128 1
SP_DUDE1 sp_dude1.ppm 128 128 1
SP_DUDE2 sp_dude2.ppm 128 128 1
SP_DUDE4 sp_dude4.ppm 64 128 1
SP_DUDE5 sp_dude5.ppm 64 128 1
SP_DUDE7 sp_dude7.ppm 128 128 1
SP_DUDE8 sp_dude8.ppm 128 128 1
SP_FACE1 sp_face1.ppm 128 96 1
SP_FACE2 sp_face2.ppm 64 128 1
SP_HOT1 sp_hot1.ppm 256 128 4
SP_ROCK1 sp_rock1.ppm 128 128 1
SPACEW2 spacew2.ppm 64 128 1
SPACEW3 spacew3.ppm 64 128 1
SPACEW4 spacew4.ppm 64 128 1
SPCDOOR1 spcdoor1.ppm 64 128 1
SPCDOOR2 spcdoor2.ppm 64 128 1
SPCDOOR3 spcdoor3.ppm 64 128 1
SPCDOOR4 spcdoor4.ppm 64 128 1
STARBR2 starbr2.ppm 128 128 4
STARG1 starg1.ppm 64 128 2
STARG2 starg2.ppm 128 128 4
STARG3 starg3.ppm 128 128 2
STARGR1 stargr1.ppm 64 128 2
STARGR2 stargr2.ppm 128 128 4
STARTAN2 startan2.ppm 128 128 4
STARTAN3 startan3.ppm 128 128 2
STEP1 step1.ppm 32 16 3
STEP2 step2.ppm 32 16 2
STEP3 step3.ppm 32 16 2
STEP4 step4.ppm 32 16 2
STEP5 step5.ppm 32 16 2
STEP6 step6.ppm 32 16 2
STEPLAD1 steplad1.ppm 64 16 1
STEPTOP steptop.ppm 128 16 1
STONE stone.ppm 256 128 40
STONE2 stone2.ppm 128 128 4
STONE3 stone3.ppm 128 128 4
STONE4 stone4.ppm 64 128 1
STONE5 stone5.ppm 64 128 1
STONE6 stone6.ppm 64 128 1
STONE7 stone7.ppm 64 128 1
STUCCO stucco.ppm 64 128 1
STUCCO1 stucco1.ppm 64 128 1
STUCCO2 stucco2.ppm 64 128 1
STUCCO3 stucco3.ppm 64 128 1
SUPPORT2 support2.ppm 64 128 6
SUPPORT3 support3.ppm 64 128 3
SW1BLUE sw1blue.ppm 64 128 3
SW1BRCOM sw1brcom.ppm 128 128 2
SW1BRIK sw1brik.ppm 64 128 2
SW1BRN1 sw1brn1.ppm 128 128 2
SW1BRN2 sw1brn2.ppm 64 128 3
SW1BRNGN sw1brngn.ppm 64 128 2
SW1BROWN sw1brown.ppm 128 128 2
SW1CMT sw1cmt.ppm 64 128 2
SW1COMM sw1comm.ppm 64 72 2
SW1COMP sw1comp.ppm 64 128 4
SW1DIRT sw1dirt.ppm 64 128 5
SW1EXIT sw1exit.ppm 32 72 3
SW1GARG sw1garg.ppm 64 128 2
SW1GRAY sw1gray.ppm 64 128 3
SW1GRAY1 sw1gray1.ppm 64 128 3
SW1GSTON sw1gston.ppm 64 128 2
SW1HOT sw1hot.ppm 64 128 2
SW1LION sw1lion.ppm 64 128 2
SW1MARB sw1marb.ppm 64 128 2
SW1MET2 sw1met2.ppm 64 128 2
SW1METAL sw1metal.ppm 64 128 3
SW1MOD1 sw1mod1.ppm 64 128 2
SW1PANEL sw1panel.ppm 64 128 2
SW1PIPE sw1pipe.ppm 128 128 2
SW1ROCK sw1rock.ppm 64 128 2
SW1SATYR sw1satyr.ppm 64 128 2
SW1SKIN sw1skin.ppm 64 128 2
SW1SKULL sw1skull.ppm 64 128 1
SW1SLAD sw1slad.ppm 64 128 2
SW1STARG sw1starg.ppm 128 128 2
SW1STON1 sw1ston1.ppm 64 128 3
SW1STON2 sw1ston2.ppm 128 128 2
SW1STON6 sw1ston6.ppm 64 128 2
SW1STONE sw1stone.ppm 128 128 2
SW1STRTN sw1strtn.ppm 64 128 3
SW1TEK sw1tek.ppm 64 128 2
SW1VINE sw1vine.ppm 64 128 3
SW1WDMET sw1wdmet.ppm 64 128 10
SW1WOOD sw1wood.ppm 64 128 2
SW1ZIM sw1zim.ppm 64 128 2
SW2BLUE sw2blue.ppm 64 128 3
SW2BRCOM sw2brcom.ppm 128 128 2
SW2BRIK sw2brik.ppm 64 128 2
SW2BRN1 sw2brn1.ppm 128 128 2
SW2BRN2 sw2brn2.ppm 64 128 3
SW2BRNGN sw2brngn.ppm 64 128 2
SW2BROWN sw2brown.ppm 128 128 2
SW2CMT sw2cmt.ppm 64 128 2
SW2COMM sw2comm.ppm 64 72 2
SW2COMP sw2comp.ppm 64 128 4
SW2DIRT sw2dirt.ppm 64 128 5
SW2EXIT sw2exit.ppm 32 72 3
SW2GARG sw2garg.ppm 64 128 2
SW2GRAY sw2gray.ppm 64 128 3
SW2GRAY1 sw2gray1.ppm 64 128 3
SW2GSTON sw2gston.ppm 64 128 2
SW2HOT sw2hot.ppm 64 128 2
SW2LION sw2lion.ppm 64 128 2
SW2MARB sw2marb.ppm 64 128 2
SW2MET2 sw2met2.ppm 64 128 2
SW2METAL sw2metal.ppm 64 128 3
SW2MOD1 sw2mod1.ppm 64 128 2
SW2PANEL sw2panel.ppm 64 128 2
SW2PIPE sw2pipe.ppm 128 128 2
SW2ROCK sw2rock.ppm 64 128 2
SW2SATYR sw2satyr.ppm 64 128 2
SW2SKIN sw2skin.ppm 64 128 2
SW2SKULL sw2skull.ppm 64 128 1
SW2SLAD sw2slad.ppm 64 128 2
SW2STARG sw2starg.ppm 128 128 2
SW2STON1 sw2ston1.ppm 64 128 3
SW2STON2 sw2ston2.ppm 128 128 2
SW2STON6 sw2ston6.ppm 64 128 2
SW2STONE sw2stone.ppm 128 128 2
SW2STRTN sw2strtn.ppm 64 128 3
SW2TEK sw2tek.ppm 64 128 2
SW2VINE sw2vine.ppm 64 128 3
SW2WDMET sw2wdmet.ppm 64 128 10
SW2WOOD sw2wood.ppm 64 128 2
SW2ZIM sw2zim.ppm 64 128 2
TANROCK2 tanrock2.ppm 64 128 1
TANROCK3 tanrock3.ppm 64 128 1
TANROCK4 tanrock4.ppm 64 128 1
TANROCK5 tanrock5.ppm 64 128 1
TANROCK7 tanrock7.ppm 64 128 1
TANROCK8 tanrock8.ppm 64 128 1
TEKBRON1 tekbron1.ppm 128 128 2
TEKBRON2 tekbron2.ppm 64 128 1
TEKGREN1 tekgren1.ppm 64 128 1
TEKGREN2 tekgren2.ppm 64 128 1
TEKGREN3 tekgren3.ppm 64 128 1
TEKGREN4 tekgren4.ppm 64 128 1
TEKGREN5 tekgren5.ppm 64 128 1
TEKLITE teklite.ppm 64 128 1
TEKLITE2 teklite2.ppm 64 128 1
TEKWALL1 tekwall1.ppm 128 128 2
TEKWALL4 tekwall4.ppm 128 128 1
TEKWALL6 tekwall6.ppm 256 128 4
WOOD1 wood1.ppm 256 128 2
WOOD10 wood10.ppm 128 128 1
WOOD12 wood12.ppm 64 128 1
WOOD3 wood3.ppm 256 128 5
WOOD4 wood4.ppm 64 128 4
WOOD5 wood5.ppm 256 128 3
WOOD6 wood6.ppm 64 128 1
WOOD7 wood7.ppm 64 128 1
WOOD8 wood8.ppm 64 128 1
WOOD9 wood9.ppm 64 128 1
WOODGARG woodgarg.ppm 64 128 2
WOODMET1 woodmet1.ppm 64 128 1
WOODMET2 woodmet2.ppm 64 128 1
WOODMET3 woodmet3.ppm 64 128 1
WOODMET4 woodmet4.ppm 64 128 1
WOODVERT woodvert.ppm 64 128 1
ZDOORB1 zdoorb1.ppm 128 128 1
ZDOORF1 zdoorf1.ppm 128 128 1
ZELDOOR zeldoor.ppm 128 128 1
ZIMMER1 zimmer1.ppm 64 128 1
ZIMMER2 zimmer2.ppm 64 128 1
ZIMMER3 zimmer3.ppm 64 128 1
ZIMMER4 zimmer4.ppm 64 128 1
ZIMMER5 zimmer5.ppm 64 128 1
ZIMMER7 zimmer7.ppm 64 128 1
ZIMMER8 zimmer8.ppm 64 128 1
ZZWOLF1 zzwolf1.ppm 128 128 1
ZZWOLF10 zzwolf10.ppm 128 128 1
ZZWOLF11 zzwolf11.ppm 128 128 1
ZZWOLF12 zzwolf12.ppm 128 128 1
ZZWOLF13 zzwolf13.ppm 128 128 1
ZZWOLF2 zzwolf2.ppm 128 128 1
ZZWOLF3 zzwolf3.ppm 128 128 1
ZZWOLF4 zzwolf4.ppm 128 128 1
ZZWOLF5 zzwolf5.ppm 128 128 1
ZZWOLF6 zzwolf6.ppm 128 128 1
ZZWOLF7 zzwolf7.ppm 128 128 1
ZZWOLF9 zzwolf9.ppm 128 128 1
ZZZFACE1 zzzface1.ppm 256 128 1
ZZZFACE2 zzzface2.ppm 256 128 1
ZZZFACE3 zzzface3.ppm 256 128 1
ZZZFACE4 zzzface4.ppm 256 128 1
ZZZFACE5 zzzface5.ppm 256 128 1
ZZZFACE6 zzzface6.ppm 256 128 1
ZZZFACE7 zzzface7.ppm 256 128 1
ZZZFACE8 zzzface8.ppm 256 128 1
ZZZFACE9 zzzface9.ppm 256 128 1
